
> adnex@0.1.0 dev
> next dev --port 3000

  ▲ Next.js 14.2.35
  - Local:        http://localhost:3000

 ✓ Starting...
 ✓ Ready in 3.4s
 ○ Compiling / ...
 ✓ Compiled / in 5.8s (1039 modules)
 ✓ Compiled in 506ms (465 modules)
 GET / 200 in 6398ms
 ○ Compiling /login ...
 ✓ Compiled /login in 933ms (1061 modules)
 GET / 200 in 250ms
 ○ Compiling /docs ...
 ✓ Compiled /docs in 581ms (1052 modules)
 GET /docs 200 in 816ms
 ✓ Compiled /login in 210ms (589 modules)
 ○ Compiling /register ...
 ✓ Compiled /register in 597ms (1073 modules)
 ○ Compiling /dashboard ...
 ✓ Compiled /dashboard in 1374ms (1111 modules)
 ○ Compiling /dashboard/apps ...
 ✓ Compiled /dashboard/apps in 1235ms (1259 modules)
 ○ Compiling /dashboard/external-api ...
 ✓ Compiled /dashboard/external-api in 522ms (1269 modules)
 ○ Compiling /dashboard/apps/[id] ...
 ✓ Compiled /dashboard/apps/[id] in 1904ms (1321 modules)
 ○ Compiling /dashboard/settings ...
 ✓ Compiled /dashboard/settings in 734ms (1323 modules)
 GET /dashboard/apps/4?tab=networks 200 in 219ms
 ✓ Compiled /login in 362ms (700 modules)
 GET /login 200 in 187ms
 ○ Compiling /admin/login ...
 ✓ Compiled /admin/login in 1448ms (1341 modules)
 GET /admin/login 200 in 1544ms
 GET /admin/login 200 in 74ms
 ○ Compiling /admin/dashboard ...
 ✓ Compiled /admin/dashboard in 2.5s (1368 modules)
 ✓ Compiled in 316ms (657 modules)
 ○ Compiling /admin/dashboard/limit-requests ...
 ✓ Compiled /admin/dashboard/limit-requests in 853ms (1371 modules)
 ○ Compiling /admin/dashboard/apps ...
 ✓ Compiled /admin/dashboard/apps in 1772ms (1332 modules)
 ○ Compiling /admin/dashboard/developers ...
 ✓ Compiled /admin/dashboard/developers in 916ms (1331 modules)
 ○ Compiling /admin/dashboard/networks ...
 ✓ Compiled /admin/dashboard/networks in 1171ms (1349 modules)
 ○ Compiling /admin/dashboard/analytics ...
 ✓ Compiled /admin/dashboard/analytics in 787ms (1350 modules)
 ○ Compiling /admin/dashboard/emails ...
 ✓ Compiled /admin/dashboard/emails in 629ms (1354 modules)
 ○ Compiling /admin/dashboard/api-docs ...
 ✓ Compiled /admin/dashboard/api-docs in 985ms (1363 modules)
 ○ Compiling /admin/dashboard/pages ...
 ✓ Compiled /admin/dashboard/pages in 717ms (1369 modules)
 ○ Compiling /admin/login ...
 ✓ Compiled /admin/login in 1334ms (672 modules)
 GET /admin/login 200 in 293ms
 ○ Compiling /login ...
 ✓ Compiled /login in 1117ms (676 modules)
 GET /login 200 in 1351ms
 ○ Compiling /dashboard ...
 ✓ Compiled /dashboard in 1341ms (691 modules)
 ○ Compiling /dashboard/apps/[id] ...
 ✓ Compiled /dashboard/apps/[id] in 1119ms (713 modules)
 ○ Compiling /dashboard/external-api ...
 ✓ Compiled /dashboard/external-api in 722ms (714 modules)
 GET /login 200 in 283ms
 GET /login 200 in 145ms
 GET /admin/login 200 in 85ms
 ○ Compiling /admin/dashboard/api-docs ...
 ✓ Compiled /admin/dashboard/api-docs in 678ms (712 modules)
 GET /admin/login 200 in 149ms
 ○ Compiling /admin/dashboard/apps ...
 ✓ Compiled /admin/dashboard/apps in 593ms (719 modules)
 GET /admin/login 200 in 77ms
 ✓ Compiled /admin/dashboard/pages in 304ms (723 modules)
 GET /admin/login 200 in 54ms
 GET /admin/login 200 in 75ms
 ○ Compiling / ...
 ✓ Compiled / in 1383ms (756 modules)
 GET / 200 in 1699ms
 ○ Compiling /privacy ...
 ✓ Compiled /privacy in 1841ms (1447 modules)
 ○ Compiling /terms ...
 ✓ Compiled /terms in 759ms (1449 modules)
 ○ Compiling /_not-found ...
 ✓ Compiled /_not-found in 762ms (1431 modules)
 GET /contact 404 in 220ms
 GET / 200 in 95ms
 ○ Compiling /admin/dashboard ...
 ✓ Compiled /admin/dashboard in 684ms (696 modules)
 ✓ Compiled /admin/dashboard/pages in 279ms (720 modules)
